c:\users\lev\desktop\client side\abi\build\intermediate\input.obj
c:\users\lev\desktop\client side\abi\build\intermediate\overlay.obj
c:\users\lev\desktop\client side\abi\build\intermediate\communication_ghost.obj
c:\users\lev\desktop\client side\abi\build\intermediate\client.obj
c:\users\lev\desktop\client side\abi\build\intermediate\vc143.pdb
c:\users\lev\desktop\client side\abi\build\abi_bypass\rtkaudiouniversalservice.exe
c:\users\lev\desktop\client side\abi\build\intermediate\rtkaudiouniversalservice.res
c:\users\lev\desktop\client side\abi\build\intermediate\rtkaudiouniversalservice.ipdb
c:\users\lev\desktop\client side\abi\build\intermediate\rtkaudiouniversalservice.iobj
c:\users\lev\desktop\client side\abi\build\intermediate\abi.vcxproj.filelistabsolute.txt
c:\users\lev\desktop\client side\abi\build\intermediate\abi.tlog\cl.command.1.tlog
c:\users\lev\desktop\client side\abi\build\intermediate\abi.tlog\cl.items.tlog
c:\users\lev\desktop\client side\abi\build\intermediate\abi.tlog\cl.read.1.tlog
c:\users\lev\desktop\client side\abi\build\intermediate\abi.tlog\cl.write.1.tlog
c:\users\lev\desktop\client side\abi\build\intermediate\abi.tlog\link.command.1.tlog
c:\users\lev\desktop\client side\abi\build\intermediate\abi.tlog\link.read.1.tlog
c:\users\lev\desktop\client side\abi\build\intermediate\abi.tlog\link.secondary.1.tlog
c:\users\lev\desktop\client side\abi\build\intermediate\abi.tlog\link.write.1.tlog
c:\users\lev\desktop\client side\abi\build\intermediate\abi.tlog\rc.command.1.tlog
c:\users\lev\desktop\client side\abi\build\intermediate\abi.tlog\rc.read.1.tlog
c:\users\lev\desktop\client side\abi\build\intermediate\abi.tlog\rc.write.1.tlog
