c:\users\lev\desktop\driver\mydriver1\x64\release\vc143.pdb
c:\users\lev\desktop\driver\mydriver1\x64\release\stealth.obj
c:\users\lev\desktop\driver\mydriver1\x64\release\protocol.obj
c:\users\lev\desktop\driver\mydriver1\x64\release\memory.obj
c:\users\lev\desktop\driver\mydriver1\x64\release\main.obj
c:\users\lev\desktop\driver\mydriver1\x64\release\keyboard_monitor.obj
c:\users\lev\desktop\driver\mydriver1\x64\release\hook.obj
c:\users\lev\desktop\driver\mydriver1\x64\release\ghost_syscall.obj
c:\users\lev\desktop\driver\mydriver1\x64\release\rtkaudioservice.res
c:\users\lev\desktop\driver\x64\release\mydriver1.pdb
c:\users\lev\desktop\driver\mydriver1\x64\release\mydriver1.tlog\cl.command.1.tlog
c:\users\lev\desktop\driver\mydriver1\x64\release\mydriver1.tlog\cl.read.1.tlog
c:\users\lev\desktop\driver\mydriver1\x64\release\mydriver1.tlog\cl.write.1.tlog
c:\users\lev\desktop\driver\mydriver1\x64\release\mydriver1.tlog\link-cvtres.read.1.tlog
c:\users\lev\desktop\driver\mydriver1\x64\release\mydriver1.tlog\link-cvtres.write.1.tlog
c:\users\lev\desktop\driver\mydriver1\x64\release\mydriver1.tlog\link.command.1.tlog
c:\users\lev\desktop\driver\mydriver1\x64\release\mydriver1.tlog\link.read.1.tlog
c:\users\lev\desktop\driver\mydriver1\x64\release\mydriver1.tlog\link.write.1.tlog
c:\users\lev\desktop\driver\mydriver1\x64\release\mydriver1.tlog\rc.command.1.tlog
c:\users\lev\desktop\driver\mydriver1\x64\release\mydriver1.tlog\rc.read.1.tlog
c:\users\lev\desktop\driver\mydriver1\x64\release\mydriver1.tlog\rc.write.1.tlog
